<?xml version="1.0" encoding="UTF-8"?>
<testsuite name="com.widehouse.dnd.DndApplicationTests" tests="1" skipped="0" failures="0" errors="0" timestamp="2021-08-14T13:32:23" hostname="mhhongucBookPro" time="0.365">
  <properties/>
  <testcase name="contextLoads()" classname="com.widehouse.dnd.DndApplicationTests" time="0.365"/>
  <system-out><![CDATA[22:32:20.603 [Test worker] DEBUG org.springframework.test.context.BootstrapUtils - Instantiating CacheAwareContextLoaderDelegate from class [org.springframework.test.context.cache.DefaultCacheAwareContextLoaderDelegate]
22:32:20.612 [Test worker] DEBUG org.springframework.test.context.BootstrapUtils - Instantiating BootstrapContext using constructor [public org.springframework.test.context.support.DefaultBootstrapContext(java.lang.Class,org.springframework.test.context.CacheAwareContextLoaderDelegate)]
22:32:20.640 [Test worker] DEBUG org.springframework.test.context.BootstrapUtils - Instantiating TestContextBootstrapper for test class [com.widehouse.dnd.DndApplicationTests] from class [org.springframework.boot.test.context.SpringBootTestContextBootstrapper]
22:32:20.649 [Test worker] INFO org.springframework.boot.test.context.SpringBootTestContextBootstrapper - Neither @ContextConfiguration nor @ContextHierarchy found for test class [com.widehouse.dnd.DndApplicationTests], using SpringBootContextLoader
22:32:20.652 [Test worker] DEBUG org.springframework.test.context.support.AbstractContextLoader - Did not detect default resource location for test class [com.widehouse.dnd.DndApplicationTests]: class path resource [com/widehouse/dnd/DndApplicationTests-context.xml] does not exist
22:32:20.653 [Test worker] DEBUG org.springframework.test.context.support.AbstractContextLoader - Did not detect default resource location for test class [com.widehouse.dnd.DndApplicationTests]: class path resource [com/widehouse/dnd/DndApplicationTestsContext.groovy] does not exist
22:32:20.653 [Test worker] INFO org.springframework.test.context.support.AbstractContextLoader - Could not detect default resource locations for test class [com.widehouse.dnd.DndApplicationTests]: no resource found for suffixes {-context.xml, Context.groovy}.
22:32:20.653 [Test worker] INFO org.springframework.test.context.support.AnnotationConfigContextLoaderUtils - Could not detect default configuration classes for test class [com.widehouse.dnd.DndApplicationTests]: DndApplicationTests does not declare any static, non-private, non-final, nested classes annotated with @Configuration.
22:32:20.683 [Test worker] DEBUG org.springframework.test.context.support.ActiveProfilesUtils - Could not find an 'annotation declaring class' for annotation type [org.springframework.test.context.ActiveProfiles] and class [com.widehouse.dnd.DndApplicationTests]
22:32:20.718 [Test worker] DEBUG org.springframework.context.annotation.ClassPathScanningCandidateComponentProvider - Identified candidate component class: file [/Users/mh.hong/Workspace/kielhong/dnd5e/build/classes/kotlin/main/com/widehouse/dnd/Dnd5eApplication.class]
22:32:20.719 [Test worker] INFO org.springframework.boot.test.context.SpringBootTestContextBootstrapper - Found @SpringBootConfiguration com.widehouse.dnd.Dnd5eApplication for test class com.widehouse.dnd.DndApplicationTests
22:32:20.784 [Test worker] DEBUG org.springframework.boot.test.context.SpringBootTestContextBootstrapper - @TestExecutionListeners is not present for class [com.widehouse.dnd.DndApplicationTests]: using defaults.
22:32:20.784 [Test worker] INFO org.springframework.boot.test.context.SpringBootTestContextBootstrapper - Loaded default TestExecutionListener class names from location [META-INF/spring.factories]: [org.springframework.boot.test.autoconfigure.restdocs.RestDocsTestExecutionListener, org.springframework.boot.test.autoconfigure.web.client.MockRestServiceServerResetTestExecutionListener, org.springframework.boot.test.autoconfigure.web.servlet.MockMvcPrintOnlyOnFailureTestExecutionListener, org.springframework.boot.test.autoconfigure.web.servlet.WebDriverTestExecutionListener, org.springframework.boot.test.autoconfigure.webservices.client.MockWebServiceServerTestExecutionListener, org.springframework.boot.test.mock.mockito.MockitoTestExecutionListener, org.springframework.boot.test.mock.mockito.ResetMocksTestExecutionListener, org.springframework.test.context.web.ServletTestExecutionListener, org.springframework.test.context.support.DirtiesContextBeforeModesTestExecutionListener, org.springframework.test.context.event.ApplicationEventsTestExecutionListener, org.springframework.test.context.support.DependencyInjectionTestExecutionListener, org.springframework.test.context.support.DirtiesContextTestExecutionListener, org.springframework.test.context.transaction.TransactionalTestExecutionListener, org.springframework.test.context.jdbc.SqlScriptsTestExecutionListener, org.springframework.test.context.event.EventPublishingTestExecutionListener]
22:32:20.790 [Test worker] DEBUG org.springframework.boot.test.context.SpringBootTestContextBootstrapper - Skipping candidate TestExecutionListener [org.springframework.test.context.web.ServletTestExecutionListener] due to a missing dependency. Specify custom listener classes or make the default listener classes and their required dependencies available. Offending class: [javax/servlet/ServletContext]
22:32:20.796 [Test worker] INFO org.springframework.boot.test.context.SpringBootTestContextBootstrapper - Using TestExecutionListeners: [org.springframework.test.context.support.DirtiesContextBeforeModesTestExecutionListener@634d838e, org.springframework.test.context.event.ApplicationEventsTestExecutionListener@7a97339b, org.springframework.boot.test.mock.mockito.MockitoTestExecutionListener@426ef4b0, org.springframework.boot.test.autoconfigure.SpringBootDependencyInjectionTestExecutionListener@4d8f5af0, org.springframework.test.context.support.DirtiesContextTestExecutionListener@42d1f13c, org.springframework.test.context.transaction.TransactionalTestExecutionListener@1191916, org.springframework.test.context.jdbc.SqlScriptsTestExecutionListener@3467b6f1, org.springframework.test.context.event.EventPublishingTestExecutionListener@3083257, org.springframework.boot.test.autoconfigure.restdocs.RestDocsTestExecutionListener@4e9d7b1b, org.springframework.boot.test.autoconfigure.web.client.MockRestServiceServerResetTestExecutionListener@7051a77, org.springframework.boot.test.autoconfigure.web.servlet.MockMvcPrintOnlyOnFailureTestExecutionListener@edce458, org.springframework.boot.test.autoconfigure.web.servlet.WebDriverTestExecutionListener@4c04e55e, org.springframework.boot.test.autoconfigure.webservices.client.MockWebServiceServerTestExecutionListener@69641a66, org.springframework.boot.test.mock.mockito.ResetMocksTestExecutionListener@461d739f]
22:32:20.798 [Test worker] DEBUG org.springframework.test.context.support.AbstractDirtiesContextTestExecutionListener - Before test class: context [DefaultTestContext@1ced529f testClass = DndApplicationTests, testInstance = [null], testMethod = [null], testException = [null], mergedContextConfiguration = [MergedContextConfiguration@4c478bca testClass = DndApplicationTests, locations = '{}', classes = '{class com.widehouse.dnd.Dnd5eApplication}', contextInitializerClasses = '[]', activeProfiles = '{}', propertySourceLocations = '{}', propertySourceProperties = '{org.springframework.boot.test.context.SpringBootTestContextBootstrapper=true}', contextCustomizers = set[org.springframework.boot.test.autoconfigure.actuate.metrics.MetricsExportContextCustomizerFactory$DisableMetricExportContextCustomizer@418180a4, org.springframework.boot.test.autoconfigure.properties.PropertyMappingContextCustomizer@0, org.springframework.boot.test.autoconfigure.web.servlet.WebDriverContextCustomizerFactory$Customizer@7054e41c, org.springframework.boot.test.context.filter.ExcludeFilterContextCustomizer@620f5b72, org.springframework.boot.test.json.DuplicateJsonObjectContextCustomizerFactory$DuplicateJsonObjectContextCustomizer@3af8563c, org.springframework.boot.test.mock.mockito.MockitoContextCustomizer@0, org.springframework.boot.test.web.client.TestRestTemplateContextCustomizer@31c9c7bb, org.springframework.boot.test.context.SpringBootTestArgs@1, org.springframework.boot.test.context.SpringBootTestWebEnvironment@753295a7], contextLoader = 'org.springframework.boot.test.context.SpringBootContextLoader', parent = [null]], attributes = map[[empty]]], class annotated with @DirtiesContext [false] with mode [null].
22:32:20.809 [Test worker] DEBUG org.springframework.test.context.support.DependencyInjectionTestExecutionListener - Performing dependency injection for test context [[DefaultTestContext@1ced529f testClass = DndApplicationTests, testInstance = com.widehouse.dnd.DndApplicationTests@2e259619, testMethod = [null], testException = [null], mergedContextConfiguration = [MergedContextConfiguration@4c478bca testClass = DndApplicationTests, locations = '{}', classes = '{class com.widehouse.dnd.Dnd5eApplication}', contextInitializerClasses = '[]', activeProfiles = '{}', propertySourceLocations = '{}', propertySourceProperties = '{org.springframework.boot.test.context.SpringBootTestContextBootstrapper=true}', contextCustomizers = set[org.springframework.boot.test.autoconfigure.actuate.metrics.MetricsExportContextCustomizerFactory$DisableMetricExportContextCustomizer@418180a4, org.springframework.boot.test.autoconfigure.properties.PropertyMappingContextCustomizer@0, org.springframework.boot.test.autoconfigure.web.servlet.WebDriverContextCustomizerFactory$Customizer@7054e41c, org.springframework.boot.test.context.filter.ExcludeFilterContextCustomizer@620f5b72, org.springframework.boot.test.json.DuplicateJsonObjectContextCustomizerFactory$DuplicateJsonObjectContextCustomizer@3af8563c, org.springframework.boot.test.mock.mockito.MockitoContextCustomizer@0, org.springframework.boot.test.web.client.TestRestTemplateContextCustomizer@31c9c7bb, org.springframework.boot.test.context.SpringBootTestArgs@1, org.springframework.boot.test.context.SpringBootTestWebEnvironment@753295a7], contextLoader = 'org.springframework.boot.test.context.SpringBootContextLoader', parent = [null]], attributes = map['org.springframework.test.context.event.ApplicationEventsTestExecutionListener.recordApplicationEvents' -> false]]].
22:32:20.827 [Test worker] DEBUG org.springframework.test.context.support.TestPropertySourceUtils - Adding inlined properties to environment: {spring.jmx.enabled=false, org.springframework.boot.test.context.SpringBootTestContextBootstrapper=true}

  .   ____          _            __ _ _
 /\\ / ___'_ __ _ _(_)_ __  __ _ \ \ \ \
( ( )\___ | '_ | '_| | '_ \/ _` | \ \ \ \
 \\/  ___)| |_)| | | | | || (_| |  ) ) ) )
  '  |____| .__|_| |_|_| |_\__, | / / / /
 =========|_|==============|___/=/_/_/_/
 :: Spring Boot ::                (v2.5.3)

2021-08-14 22:32:20.992  INFO 24117 --- [    Test worker] com.widehouse.dnd.DndApplicationTests    : Starting DndApplicationTests using Java 11.0.9 on mhhongucBookPro with PID 24117 (started by mh.hong in /Users/mh.hong/Workspace/kielhong/dnd5e)
2021-08-14 22:32:20.993  INFO 24117 --- [    Test worker] com.widehouse.dnd.DndApplicationTests    : No active profile set, falling back to default profiles: default
2021-08-14 22:32:21.203  INFO 24117 --- [    Test worker] .s.d.r.c.RepositoryConfigurationDelegate : Bootstrapping Spring Data Reactive MongoDB repositories in DEFAULT mode.
2021-08-14 22:32:21.209  INFO 24117 --- [    Test worker] .s.d.r.c.RepositoryConfigurationDelegate : Finished Spring Data repository scanning in 3 ms. Found 0 Reactive MongoDB repository interfaces.
2021-08-14 22:32:22.049  INFO 24117 --- [       Thread-4] o.s.b.a.mongo.embedded.EmbeddedMongo     : note: noprealloc may hurt performance in many applications
2021-08-14 22:32:22.054  INFO 24117 --- [       Thread-4] o.s.b.a.mongo.embedded.EmbeddedMongo     : 2021-08-14T22:32:22.054+0900 I CONTROL  [initandlisten] MongoDB starting : pid=24118 port=56248 dbpath=/var/folders/mr/t1jnmb6n3sbgmcl65mqb1xbc0000gn/T/embedmongo-db-5a5d89fe-f934-4c35-bf57-ce7338e87f73 64-bit host=mhhongucBookPro
2021-08-14 22:32:22.054  INFO 24117 --- [       Thread-4] o.s.b.a.mongo.embedded.EmbeddedMongo     : 2021-08-14T22:32:22.054+0900 I CONTROL  [initandlisten] db version v3.5.5
2021-08-14 22:32:22.055  INFO 24117 --- [       Thread-4] o.s.b.a.mongo.embedded.EmbeddedMongo     : 2021-08-14T22:32:22.054+0900 I CONTROL  [initandlisten] git version: 98515c812b6fa893613f063dae568ff8319cbfbd
2021-08-14 22:32:22.055  INFO 24117 --- [       Thread-4] o.s.b.a.mongo.embedded.EmbeddedMongo     : 2021-08-14T22:32:22.054+0900 I CONTROL  [initandlisten] allocator: system
2021-08-14 22:32:22.055  INFO 24117 --- [       Thread-4] o.s.b.a.mongo.embedded.EmbeddedMongo     : 2021-08-14T22:32:22.054+0900 I CONTROL  [initandlisten] modules: none
2021-08-14 22:32:22.055  INFO 24117 --- [       Thread-4] o.s.b.a.mongo.embedded.EmbeddedMongo     : 2021-08-14T22:32:22.054+0900 I CONTROL  [initandlisten] build environment:
2021-08-14 22:32:22.055  INFO 24117 --- [       Thread-4] o.s.b.a.mongo.embedded.EmbeddedMongo     : 2021-08-14T22:32:22.054+0900 I CONTROL  [initandlisten]     distarch: x86_64
2021-08-14 22:32:22.055  INFO 24117 --- [       Thread-4] o.s.b.a.mongo.embedded.EmbeddedMongo     : 2021-08-14T22:32:22.054+0900 I CONTROL  [initandlisten]     target_arch: x86_64
2021-08-14 22:32:22.055  INFO 24117 --- [       Thread-4] o.s.b.a.mongo.embedded.EmbeddedMongo     : 2021-08-14T22:32:22.054+0900 I CONTROL  [initandlisten] options: { net: { bindIp: "127.0.0.1", http: { enabled: false }, port: 56248 }, security: { authorization: "disabled" }, storage: { dbPath: "/var/folders/mr/t1jnmb6n3sbgmcl65mqb1xbc0000gn/T/embedmongo-db-5a5d89fe-f934-4c35-bf57-ce7338e87f73", journal: { enabled: false }, mmapv1: { preallocDataFiles: false, smallFiles: true }, syncPeriodSecs: 0.0 } }
2021-08-14 22:32:22.055  INFO 24117 --- [       Thread-4] o.s.b.a.mongo.embedded.EmbeddedMongo     : 2021-08-14T22:32:22.055+0900 I STORAGE  [initandlisten] wiredtiger_open config: create,cache_size=15872M,session_max=20000,eviction=(threads_min=4,threads_max=4),config_base=false,statistics=(fast),log=(enabled=true,archive=true,path=journal,compressor=snappy),file_manager=(close_idle_time=100000),checkpoint=(wait=0,log_size=2GB),statistics_log=(wait=0),verbose=(recovery_progress),,log=(enabled=false),
2021-08-14 22:32:22.508  INFO 24117 --- [       Thread-4] o.s.b.a.mongo.embedded.EmbeddedMongo     : 2021-08-14T22:32:22.508+0900 W STORAGE  [initandlisten] Detected configuration for non-active storage engine mmapv1 when current storage engine is wiredTiger
2021-08-14 22:32:22.508  INFO 24117 --- [       Thread-4] o.s.b.a.mongo.embedded.EmbeddedMongo     : 2021-08-14T22:32:22.508+0900 I CONTROL  [initandlisten] 
2021-08-14 22:32:22.508  INFO 24117 --- [       Thread-4] o.s.b.a.mongo.embedded.EmbeddedMongo     : 2021-08-14T22:32:22.508+0900 I CONTROL  [initandlisten] ** NOTE: This is a development version (3.5.5) of MongoDB.
2021-08-14 22:32:22.508  INFO 24117 --- [       Thread-4] o.s.b.a.mongo.embedded.EmbeddedMongo     : 2021-08-14T22:32:22.508+0900 I CONTROL  [initandlisten] **       Not recommended for production.
2021-08-14 22:32:22.509  INFO 24117 --- [       Thread-4] o.s.b.a.mongo.embedded.EmbeddedMongo     : 2021-08-14T22:32:22.508+0900 I CONTROL  [initandlisten] 
2021-08-14 22:32:22.714  INFO 24117 --- [       Thread-4] o.s.b.a.mongo.embedded.EmbeddedMongo     : 2021-08-14T22:32:22.714+0900 I FTDC     [initandlisten] Initializing full-time diagnostic data capture with directory '/var/folders/mr/t1jnmb6n3sbgmcl65mqb1xbc0000gn/T/embedmongo-db-5a5d89fe-f934-4c35-bf57-ce7338e87f73/diagnostic.data'
2021-08-14 22:32:23.006  INFO 24117 --- [       Thread-4] o.s.b.a.mongo.embedded.EmbeddedMongo     : 2021-08-14T22:32:23.005+0900 I INDEX    [initandlisten] build index on: admin.system.version properties: { v: 2, key: { version: 1 }, name: "incompatible_with_version_32", ns: "admin.system.version" }
2021-08-14 22:32:23.006  INFO 24117 --- [       Thread-4] o.s.b.a.mongo.embedded.EmbeddedMongo     : 2021-08-14T22:32:23.005+0900 I INDEX    [initandlisten] 	 building index using bulk method; build may temporarily use up to 500 megabytes of RAM
2021-08-14 22:32:23.025  INFO 24117 --- [       Thread-4] o.s.b.a.mongo.embedded.EmbeddedMongo     : 2021-08-14T22:32:23.024+0900 I INDEX    [initandlisten] build index done.  scanned 0 total records. 0 secs
2021-08-14 22:32:23.025  INFO 24117 --- [       Thread-4] o.s.b.a.mongo.embedded.EmbeddedMongo     : 2021-08-14T22:32:23.025+0900 I COMMAND  [initandlisten] setting featureCompatibilityVersion to 3.4
2021-08-14 22:32:23.025  INFO 24117 --- [       Thread-4] o.s.b.a.mongo.embedded.EmbeddedMongo     : 2021-08-14T22:32:23.025+0900 I NETWORK  [thread1] waiting for connections on port 56248
2021-08-14 22:32:23.026  INFO 24117 --- [    Test worker] d.f.embed.mongo.MongodExecutable         : start MongodConfig{version=Version{3.5.5}, timeout=de.flapdoodle.embed.mongo.config.Timeout@77911b52, net=de.flapdoodle.embed.mongo.config.Net@23ce2a0a, cmdOptions=MongoCmdOptions{syncDelay=0, useDefaultSyncDelay=false, isVerbose=false, useNoPrealloc=true, useSmallFiles=true, useNoJournal=true, enableTextSearch=false, auth=false, master=false}, password=, userName=, replication=de.flapdoodle.embed.mongo.config.Storage@272f6145, isConfigServer=false, isShardServer=false, processListener=de.flapdoodle.embed.mongo.config.processlistener.NoopProcessListener@a33ebdd, params={}, args={}, pidFile=mongod.pid, supportConfig=de.flapdoodle.embed.mongo.config.SupportConfig@75072a42}
2021-08-14 22:32:23.053  INFO 24117 --- [    Test worker] org.mongodb.driver.cluster               : Cluster created with settings {hosts=[localhost:56248], mode=SINGLE, requiredClusterType=UNKNOWN, serverSelectionTimeout='30000 ms'}
2021-08-14 22:32:23.111  INFO 24117 --- [       Thread-4] o.s.b.a.mongo.embedded.EmbeddedMongo     : 2021-08-14T22:32:23.111+0900 I NETWORK  [thread1] connection accepted from 127.0.0.1:56250 #1 (1 connection now open)
2021-08-14 22:32:23.112  INFO 24117 --- [       Thread-4] o.s.b.a.mongo.embedded.EmbeddedMongo     : 2021-08-14T22:32:23.111+0900 I NETWORK  [thread1] connection accepted from 127.0.0.1:56251 #2 (2 connections now open)
2021-08-14 22:32:23.123  INFO 24117 --- [       Thread-4] o.s.b.a.mongo.embedded.EmbeddedMongo     : 2021-08-14T22:32:23.123+0900 I NETWORK  [conn1] received client metadata from 127.0.0.1:56250 conn1: { driver: { name: "mongo-java-driver|reactive-streams|spring-boot", version: "4.2.3" }, os: { type: "Darwin", name: "Mac OS X", architecture: "x86_64", version: "10.15.7" }, platform: "Java/AdoptOpenJDK/11.0.9+11" }
2021-08-14 22:32:23.124  INFO 24117 --- [       Thread-4] o.s.b.a.mongo.embedded.EmbeddedMongo     : 2021-08-14T22:32:23.123+0900 I NETWORK  [conn2] received client metadata from 127.0.0.1:56251 conn2: { driver: { name: "mongo-java-driver|reactive-streams|spring-boot", version: "4.2.3" }, os: { type: "Darwin", name: "Mac OS X", architecture: "x86_64", version: "10.15.7" }, platform: "Java/AdoptOpenJDK/11.0.9+11" }
2021-08-14 22:32:23.138  INFO 24117 --- [localhost:56248] org.mongodb.driver.connection            : Opened connection [connectionId{localValue:2, serverValue:2}] to localhost:56248
2021-08-14 22:32:23.138  INFO 24117 --- [localhost:56248] org.mongodb.driver.connection            : Opened connection [connectionId{localValue:1, serverValue:1}] to localhost:56248
2021-08-14 22:32:23.138  INFO 24117 --- [localhost:56248] org.mongodb.driver.cluster               : Monitor thread successfully connected to server with description ServerDescription{address=localhost:56248, type=STANDALONE, state=CONNECTED, ok=true, minWireVersion=0, maxWireVersion=5, maxDocumentSize=16777216, logicalSessionTimeoutMinutes=null, roundTripTimeNanos=21502335}
2021-08-14 22:32:23.343  INFO 24117 --- [    Test worker] com.widehouse.dnd.DndApplicationTests    : Started DndApplicationTests in 2.514 seconds (JVM running for 4.498)
]]></system-out>
  <system-err><![CDATA[]]></system-err>
</testsuite>
